16:46:42.804 [main                     ] DEBUG Logger               - Configured Logger
16:46:42.816 [main                     ] DEBUG GameApplication      - Logging settings
Title: Моя текстовая игра
Version: 0.0
Width: 800
Height: 600
Fullscreen: false
Intro: false
Profiling: false
Single step:false
App Mode: DEVELOPER
Menu Key: ESCAPE
Stage Style: DECORATED
Scene Factory: class com.almasb.fxgl.app.scene.SceneFactory

16:46:43.078 [JavaFX Application Thread] DEBUG FXGLApplication      - Initializing FXGL
16:46:43.080 [JavaFX Application Thread] INFO  Engine               - FXGL-17.3 (30.03.2023 11.49) on WINDOWS (J:23 FX:17.0.6)
16:46:43.080 [JavaFX Application Thread] DEBUG Engine               - JRE Vendor Name: Oracle Corporation
16:46:43.080 [JavaFX Application Thread] DEBUG Engine               - Running on OS: Windows 10 version 10.0
16:46:43.080 [JavaFX Application Thread] DEBUG Engine               - Architecture: amd64
16:46:43.080 [JavaFX Application Thread] INFO  Engine               - Source code and latest versions at: https://github.com/AlmasB/FXGL
16:46:43.081 [JavaFX Application Thread] INFO  Engine               -       Ask questions and discuss at: https://github.com/AlmasB/FXGL/discussions
16:46:43.081 [JavaFX Application Thread] INFO  Engine               -              Join the FXGL chat at: https://gitter.im/AlmasB/FXGL
16:46:43.135 [JavaFX Application Thread] DEBUG PrimaryStageWindow   - Creating a JavaFX scene
16:46:43.181 [JavaFX Application Thread] DEBUG PrimaryStageWindow   - Target settings size: 800.0 x 600.0
16:46:43.181 [JavaFX Application Thread] DEBUG PrimaryStageWindow   - Scaled scene size:    800.0 x 600.0
16:46:43.181 [JavaFX Application Thread] DEBUG PrimaryStageWindow   - Scaled ratio: (1.0, 1.0)
16:46:43.182 [JavaFX Application Thread] DEBUG PrimaryStageWindow   - Set initial scene to FXGLStartupScene
16:46:43.185 [JavaFX Application Thread] DEBUG PrimaryStageWindow   - Opening main window
16:46:43.250 [JavaFX Application Thread] DEBUG PrimaryStageWindow   - Window border size: (16.0, 39.0)
16:46:43.250 [JavaFX Application Thread] DEBUG PrimaryStageWindow   - Scaled size: 800.0 x 600.0
16:46:43.250 [JavaFX Application Thread] DEBUG PrimaryStageWindow   - Scaled ratio: (1.0, 1.0)
16:46:43.250 [JavaFX Application Thread] DEBUG PrimaryStageWindow   - Scene size: 800.0 x 600.0
16:46:43.250 [JavaFX Application Thread] DEBUG PrimaryStageWindow   - Stage size: 816.0 x 639.0
16:46:43.255 [FXGL Background Thread 1 ] DEBUG Engine               - Initializing environment variables
16:46:43.290 [FXGL Background Thread 1 ] DEBUG FXGLAssetLoaderServi - User app class for loading assets: class com.game.TextAdventureGame
16:46:43.290 [FXGL Background Thread 1 ] DEBUG GameApplicationServi - Applying CSS: fxgl_dark.css
16:46:43.291 [FXGL Background Thread 1 ] DEBUG FXGLAssetLoaderServi - Loading from file system: jar:file:///C:/Users/Nikita/.m2/repository/com/github/almasb/fxgl/17.3/fxgl-17.3.jar!/fxglassets/ui/css/fxgl_dark.css
16:46:43.312 [FXGL Background Thread 1 ] DEBUG GameApplicationServi - Initializing application scenes
16:46:43.333 [FXGL Background Thread 1 ] DEBUG GameWorld            - Game world initialized
16:46:43.371 [FXGL Background Thread 1 ] DEBUG PhysicsWorld         - Physics world initialized: appHeight=600, physics.ppm=50,0
16:46:43.371 [FXGL Background Thread 1 ] DEBUG PhysicsWorld         - Using strategy: BRUTE_FORCE
16:46:43.373 [FXGL Background Thread 1 ] DEBUG GameScene            - Game scene initialized: 800x600
16:46:43.379 [FXGL Background Thread 1 ] DEBUG FXGL.DefaultMenu     - createMenuBodyGameMenu()
16:46:43.385 [FXGL Background Thread 1 ] DEBUG FXGL.DefaultMenu     - createOptionsMenu()
16:46:43.389 [FXGL Background Thread 1 ] DEBUG FXGLAssetLoaderServi - Loading from file system: jar:file:///C:/Users/Nikita/.m2/repository/com/github/almasb/fxgl/17.3/fxgl-17.3.jar!/fxglassets/textures/particles/smoke.png
16:46:43.437 [FXGL Background Thread 1 ] DEBUG FXGLAssetLoaderServi - Loading from file system: jar:file:///C:/Users/Nikita/.m2/repository/com/github/almasb/fxgl/17.3/fxgl-17.3.jar!/fxglassets/textures/particles/trace_horizontal.png
16:46:43.450 [FXGL Background Thread 1 ] DEBUG GameApplicationServi - Application scenes initialized
16:46:43.460 [FXGL Background Thread 1 ] DEBUG SystemBundleService  - Loading default FXGL system data
16:46:43.460 [FXGL Background Thread 1 ] DEBUG UpdaterService       - Checking for updates
16:46:43.461 [FXGL Background Thread 4 ] DEBUG FXGLApplication      - Loading fonts
16:46:43.462 [FXGL Background Thread 4 ] DEBUG FXGLAssetLoaderServi - Loading from file system: jar:file:///C:/Users/Nikita/.m2/repository/com/github/almasb/fxgl/17.3/fxgl-17.3.jar!/fxglassets/ui/fonts/VarelaRound-Regular.ttf
16:46:43.462 [FXGL Background Thread 1 ] DEBUG FXGLApplication      - Loading default localization
16:46:43.462 [FXGL Background Thread 1 ] DEBUG FXGLAssetLoaderServi - Loading from file system: jar:file:///C:/Users/Nikita/.m2/repository/com/github/almasb/fxgl/17.3/fxgl-17.3.jar!/fxglassets/languages/english.lang
16:46:43.477 [FXGL Background Thread 1 ] INFO  FXGLApplication      - FXGL initialization took: 0,221 sec
16:46:43.478 [JavaFX Application Thread] DEBUG FXGLAssetLoaderServi - Loading from file system: jar:file:///C:/Users/Nikita/.m2/repository/com/github/almasb/fxgl/17.3/fxgl-17.3.jar!/fxglassets/textures/fxgl_icon.png
16:46:43.481 [FXGL Background Thread 4 ] DEBUG FXGLAssetLoaderServi - Loading from file system: jar:file:///C:/Users/Nikita/.m2/repository/com/github/almasb/fxgl/17.3/fxgl-17.3.jar!/fxglassets/ui/fonts/Abel-Regular.ttf
16:46:43.488 [FXGL Background Thread 4 ] DEBUG FXGLAssetLoaderServi - Loading from file system: jar:file:///C:/Users/Nikita/.m2/repository/com/github/almasb/fxgl/17.3/fxgl-17.3.jar!/fxglassets/ui/fonts/TerminalLandMono-Regular.otf
16:46:43.488 [JavaFX Application Thread] DEBUG FXGLAssetLoaderServi - Loading from file system: jar:file:///C:/Users/Nikita/.m2/repository/com/github/almasb/fxgl/17.3/fxgl-17.3.jar!/fxglassets/textures/fxgl_default_cursor.png
16:46:43.493 [JavaFX Application Thread] DEBUG Input                - Registered new binding: Screenshot - CTRL+8
16:46:43.493 [JavaFX Application Thread] DEBUG Input                - Registered new binding: System info dump - CTRL+9
16:46:43.493 [JavaFX Application Thread] DEBUG Input                - Registered new binding: Restart - CTRL+R
16:46:43.494 [JavaFX Application Thread] DEBUG Input                - Registered new binding: Toggle Debug Camera - CTRL+7
16:46:43.494 [FXGL Background Thread 4 ] DEBUG FXGLAssetLoaderServi - Loading from file system: jar:file:///C:/Users/Nikita/.m2/repository/com/github/almasb/fxgl/17.3/fxgl-17.3.jar!/fxglassets/ui/fonts/Courier-Prime.ttf
16:46:43.495 [JavaFX Application Thread] DEBUG LoopRunner           - Starting loop
16:46:43.495 [JavaFX Application Thread] DEBUG LoopRunner           - Initializing JavaFX AnimationTimerLoop
16:46:43.496 [JavaFX Application Thread] DEBUG GameApplicationServi - Starting new game
16:46:43.496 [JavaFX Application Thread] DEBUG Input                - Clearing active input actions
16:46:43.503 [JavaFX Application Thread] DEBUG GameApplicationServi - Removing overlay from FXGLStartupScene and adding to FXGLLoadingScene
16:46:43.503 [JavaFX Application Thread] DEBUG PrimaryStageWindow   - FXGLStartupScene -> FXGLLoadingScene
16:46:43.503 [JavaFX Application Thread] DEBUG GameApplicationServi - Clearing previous game
16:46:43.503 [JavaFX Application Thread] DEBUG GameScene            - Clearing game scene
16:46:43.503 [JavaFX Application Thread] DEBUG GameWorld            - Clearing game world
16:46:43.503 [JavaFX Application Thread] DEBUG PhysicsWorld         - Clearing physics world
16:46:43.504 [JavaFX Application Thread] DEBUG FXGLApplication      - Registering font factories with UI factory
16:46:43.504 [FXGL Background Thread 4 ] DEBUG FXGLApplication      - Initializing game
16:46:43.507 [FXGL Background Thread 4 ] DEBUG PrimaryStageWindow   - Push state: DialogSubScene
16:46:43.508 [FXGL Background Thread 4 ] DEBUG Input                - Clearing active input actions
16:46:43.521 [JavaFX Application Thread] DEBUG LoopRunner           - Stopping loop
16:46:43.523 [JavaFX Application Thread] FATAL FXGLApplication      - Uncaught Exception:
java.lang.RuntimeException: Initialization failed
	at com.almasb.fxgl.all@17.3/com.almasb.fxgl.app.FXGLApplication$InitAppTask.failed(FXGLApplication.kt:343)
	at javafx.graphics/javafx.concurrent.Task.setState(Task.java:710)
	at javafx.graphics/javafx.concurrent.Task$TaskCallable.lambda$call$2(Task.java:1456)
	at javafx.graphics/com.sun.javafx.application.PlatformImpl.lambda$runLater$10(PlatformImpl.java:457)
	at java.base/java.security.AccessController.doPrivileged(AccessController.java:400)
	at javafx.graphics/com.sun.javafx.application.PlatformImpl.lambda$runLater$11(PlatformImpl.java:456)
	at javafx.graphics/com.sun.glass.ui.InvokeLaterDispatcher$Future.run(InvokeLaterDispatcher.java:96)
	at javafx.graphics/com.sun.glass.ui.win.WinApplication._runLoop(Native Method)
	at javafx.graphics/com.sun.glass.ui.win.WinApplication.lambda$runLoop$3(WinApplication.java:184)
	at java.base/java.lang.Thread.run(Thread.java:1575)
Caused by: java.lang.IllegalStateException: Not on FX application thread; currentThread = FXGL Background Thread 4
	at javafx.graphics/com.sun.javafx.tk.Toolkit.checkFxUserThread(Toolkit.java:297)
	at javafx.graphics/com.sun.javafx.tk.quantum.QuantumToolkit.checkFxUserThread(QuantumToolkit.java:458)
	at javafx.graphics/javafx.scene.Parent$3.onProposedChange(Parent.java:474)
	at javafx.base/com.sun.javafx.collections.VetoableListDecorator.add(VetoableListDecorator.java:205)
	at com.almasb.fxgl.all@17.3/com.almasb.fxgl.app.MainWindow.pushState(MainWindow.kt:165)
	at com.almasb.fxgl.all@17.3/com.almasb.fxgl.app.FXGLApplication$GameApplicationService.pushSubScene(FXGLApplication.kt:711)
	at com.almasb.fxgl.all@17.3/com.almasb.fxgl.app.services.FXGLDialogService.show(FXGLDialogService.kt:98)
	at com.almasb.fxgl.all@17.3/com.almasb.fxgl.app.services.FXGLDialogService.show(FXGLDialogService.kt:93)
	at com.almasb.fxgl.all@17.3/com.almasb.fxgl.app.services.FXGLDialogService.showMessageBox(FXGLDialogService.kt:124)
	at com.game/com.game.TextAdventureGame.initGame(TextAdventureGame.java:27)
	at com.almasb.fxgl.all@17.3/com.almasb.fxgl.app.FXGLApplication$InitAppTask.initGame(FXGLApplication.kt:339)
	at com.almasb.fxgl.all@17.3/com.almasb.fxgl.app.FXGLApplication$InitAppTask.call(FXGLApplication.kt:319)
	at com.almasb.fxgl.all@17.3/com.almasb.fxgl.app.FXGLApplication$InitAppTask.call(FXGLApplication.kt:311)
	at javafx.graphics/javafx.concurrent.Task$TaskCallable.call(Task.java:1426)
	at java.base/java.util.concurrent.FutureTask.run(FutureTask.java:317)
	at java.base/java.util.concurrent.Executors$RunnableAdapter.call(Executors.java:572)
	at java.base/java.util.concurrent.FutureTask.run(FutureTask.java:317)
	at java.base/java.util.concurrent.ThreadPoolExecutor.runWorker(ThreadPoolExecutor.java:1144)
	at java.base/java.util.concurrent.ThreadPoolExecutor$Worker.run(ThreadPoolExecutor.java:642)
	... 1 more

16:46:43.523 [JavaFX Application Thread] FATAL FXGLApplication      - Application will now exit
16:46:43.530 [JavaFX Application Thread] DEBUG PrimaryStageWindow   - Push state: ErrorSubScene
16:46:43.530 [JavaFX Application Thread] DEBUG Input                - Clearing active input actions
16:46:43.533 [JavaFX Application Thread] DEBUG GameApplicationServi - Removing overlay from FXGLLoadingScene and adding to ErrorSubScene
16:46:43.533 [JavaFX Application Thread] DEBUG PrimaryStageWindow   - DialogSubScene -> ErrorSubScene
16:46:44.183 [FXGL Background Thread 2 ] INFO  UpdaterService       - Your current version:  17.3
16:46:44.183 [FXGL Background Thread 2 ] INFO  UpdaterService       - Latest stable version: 21.1
16:46:46.319 [JavaFX Application Thread] DEBUG FXGLApplication      - Exiting FXGL
16:46:46.319 [JavaFX Application Thread] DEBUG Async                - Shutting down background threads
16:46:46.319 [JavaFX Application Thread] DEBUG PrimaryStageWindow   - Closing main window
16:46:46.329 [JavaFX Application Thread] DEBUG Logger               - Closing Logger
